<?xml version="1.0" encoding="UTF-8"?>
<coverage generated="1744056546859" clover="3.2.0">
  <project timestamp="1744056546859" name="All files">
    <metrics statements="118" coveredstatements="97" conditionals="41" coveredconditionals="29" methods="29" coveredmethods="24" elements="188" coveredelements="150" complexity="0" loc="118" ncloc="118" packages="8" files="12" classes="12"/>
    <package name="src">
      <metrics statements="4" coveredstatements="4" conditionals="4" coveredconditionals="3" methods="3" coveredmethods="3"/>
      <file name="App.tsx" path="C:\code\Senior-Fullstack-Excerice\frontend\src\App.tsx">
        <metrics statements="3" coveredstatements="3" conditionals="4" coveredconditionals="3" methods="3" coveredmethods="3"/>
        <line num="9" count="1" type="stmt"/>
        <line num="15" count="3" type="cond" truecount="2" falsecount="0"/>
        <line num="25" count="3" type="cond" truecount="1" falsecount="1"/>
      </file>
      <file name="main.tsx" path="C:\code\Senior-Fullstack-Excerice\frontend\src\main.tsx">
        <metrics statements="1" coveredstatements="1" conditionals="0" coveredconditionals="0" methods="0" coveredmethods="0"/>
        <line num="7" count="1" type="stmt"/>
      </file>
      <file name="setupTests.ts" path="C:\code\Senior-Fullstack-Excerice\frontend\src\setupTests.ts">
        <metrics statements="0" coveredstatements="0" conditionals="0" coveredconditionals="0" methods="0" coveredmethods="0"/>
      </file>
      <file name="vite-env.d.ts" path="C:\code\Senior-Fullstack-Excerice\frontend\src\vite-env.d.ts">
        <metrics statements="0" coveredstatements="0" conditionals="0" coveredconditionals="0" methods="0" coveredmethods="0"/>
      </file>
    </package>
    <package name="src.components">
      <metrics statements="5" coveredstatements="5" conditionals="3" coveredconditionals="2" methods="3" coveredmethods="3"/>
      <file name="CourseItem.tsx" path="C:\code\Senior-Fullstack-Excerice\frontend\src\components\CourseItem.tsx">
        <metrics statements="2" coveredstatements="2" conditionals="0" coveredconditionals="0" methods="1" coveredmethods="1"/>
        <line num="8" count="3" type="stmt"/>
        <line num="9" count="2" type="stmt"/>
      </file>
      <file name="EnrollmentItem.tsx" path="C:\code\Senior-Fullstack-Excerice\frontend\src\components\EnrollmentItem.tsx">
        <metrics statements="3" coveredstatements="3" conditionals="3" coveredconditionals="2" methods="2" coveredmethods="2"/>
        <line num="8" count="3" type="cond" truecount="0" falsecount="1"/>
        <line num="9" count="8" type="stmt"/>
        <line num="30" count="1" type="stmt"/>
      </file>
    </package>
    <package name="src.lib">
      <metrics statements="10" coveredstatements="10" conditionals="2" coveredconditionals="2" methods="3" coveredmethods="3"/>
      <file name="utils.ts" path="C:\code\Senior-Fullstack-Excerice\frontend\src\lib\utils.ts">
        <metrics statements="10" coveredstatements="10" conditionals="2" coveredconditionals="2" methods="3" coveredmethods="3"/>
        <line num="2" count="2" type="stmt"/>
        <line num="3" count="2" type="stmt"/>
        <line num="6" count="6" type="stmt"/>
        <line num="7" count="5" type="stmt"/>
        <line num="13" count="6" type="stmt"/>
        <line num="15" count="3" type="stmt"/>
        <line num="18" count="3" type="stmt"/>
        <line num="19" count="3" type="cond" truecount="2" falsecount="0"/>
        <line num="20" count="2" type="stmt"/>
        <line num="22" count="1" type="stmt"/>
      </file>
    </package>
    <package name="src.pages">
      <metrics statements="2" coveredstatements="1" conditionals="0" coveredconditionals="0" methods="1" coveredmethods="0"/>
      <file name="Notfound.tsx" path="C:\code\Senior-Fullstack-Excerice\frontend\src\pages\Notfound.tsx">
        <metrics statements="2" coveredstatements="1" conditionals="0" coveredconditionals="0" methods="1" coveredmethods="0"/>
        <line num="1" count="2" type="stmt"/>
        <line num="2" count="0" type="stmt"/>
      </file>
    </package>
    <package name="src.pages.Enrollment">
      <metrics statements="19" coveredstatements="18" conditionals="4" coveredconditionals="3" methods="3" coveredmethods="3"/>
      <file name="Enrollment.tsx" path="C:\code\Senior-Fullstack-Excerice\frontend\src\pages\Enrollment\Enrollment.tsx">
        <metrics statements="19" coveredstatements="18" conditionals="4" coveredconditionals="3" methods="3" coveredmethods="3"/>
        <line num="5" count="3" type="stmt"/>
        <line num="6" count="8" type="stmt"/>
        <line num="7" count="8" type="stmt"/>
        <line num="8" count="8" type="stmt"/>
        <line num="10" count="8" type="stmt"/>
        <line num="11" count="3" type="stmt"/>
        <line num="12" count="3" type="stmt"/>
        <line num="13" count="3" type="stmt"/>
        <line num="15" count="3" type="stmt"/>
        <line num="16" count="3" type="stmt"/>
        <line num="17" count="1" type="cond" truecount="1" falsecount="1"/>
        <line num="18" count="0" type="stmt"/>
        <line num="20" count="1" type="stmt"/>
        <line num="21" count="1" type="stmt"/>
        <line num="23" count="1" type="stmt"/>
        <line num="24" count="1" type="stmt"/>
        <line num="26" count="2" type="stmt"/>
        <line num="30" count="3" type="stmt"/>
        <line num="33" count="8" type="stmt"/>
      </file>
    </package>
    <package name="src.pages.Register">
      <metrics statements="55" coveredstatements="37" conditionals="19" coveredconditionals="11" methods="10" coveredmethods="6"/>
      <file name="Register.tsx" path="C:\code\Senior-Fullstack-Excerice\frontend\src\pages\Register\Register.tsx">
        <metrics statements="55" coveredstatements="37" conditionals="19" coveredconditionals="11" methods="10" coveredmethods="6"/>
        <line num="6" count="3" type="stmt"/>
        <line num="7" count="8" type="stmt"/>
        <line num="8" count="8" type="stmt"/>
        <line num="10" count="8" type="stmt"/>
        <line num="11" count="8" type="stmt"/>
        <line num="12" count="8" type="stmt"/>
        <line num="13" count="8" type="stmt"/>
        <line num="16" count="8" type="stmt"/>
        <line num="17" count="3" type="stmt"/>
        <line num="18" count="3" type="stmt"/>
        <line num="19" count="3" type="stmt"/>
        <line num="20" count="3" type="stmt"/>
        <line num="21" count="2" type="cond" truecount="1" falsecount="1"/>
        <line num="22" count="0" type="stmt"/>
        <line num="24" count="1" type="stmt"/>
        <line num="25" count="1" type="stmt"/>
        <line num="27" count="2" type="stmt"/>
        <line num="28" count="2" type="stmt"/>
        <line num="29" count="2" type="stmt"/>
        <line num="31" count="3" type="stmt"/>
        <line num="35" count="3" type="stmt"/>
        <line num="39" count="8" type="stmt"/>
        <line num="46" count="8" type="stmt"/>
        <line num="47" count="0" type="stmt"/>
        <line num="48" count="0" type="stmt"/>
        <line num="51" count="8" type="stmt"/>
        <line num="52" count="0" type="stmt"/>
        <line num="55" count="8" type="stmt"/>
        <line num="56" count="1" type="cond" truecount="2" falsecount="3"/>
        <line num="57" count="1" type="stmt"/>
        <line num="59" count="0" type="stmt"/>
        <line num="62" count="8" type="stmt"/>
        <line num="63" count="1" type="stmt"/>
        <line num="64" count="1" type="stmt"/>
        <line num="66" count="1" type="stmt"/>
        <line num="67" count="1" type="cond" truecount="1" falsecount="1"/>
        <line num="68" count="1" type="stmt"/>
        <line num="69" count="1" type="stmt"/>
        <line num="70" count="1" type="stmt"/>
        <line num="71" count="1" type="stmt"/>
        <line num="74" count="0" type="stmt"/>
        <line num="75" count="0" type="stmt"/>
        <line num="81" count="0" type="cond" truecount="0" falsecount="2"/>
        <line num="82" count="0" type="stmt"/>
        <line num="83" count="0" type="stmt"/>
        <line num="84" count="0" type="stmt"/>
        <line num="86" count="0" type="stmt"/>
        <line num="87" count="0" type="stmt"/>
        <line num="88" count="0" type="stmt"/>
        <line num="91" count="0" type="stmt"/>
        <line num="92" count="0" type="stmt"/>
        <line num="93" count="0" type="stmt"/>
        <line num="95" count="0" type="stmt"/>
        <line num="99" count="8" type="stmt"/>
        <line num="123" count="2" type="stmt"/>
      </file>
    </package>
    <package name="src.pages.course">
      <metrics statements="23" coveredstatements="22" conditionals="9" coveredconditionals="8" methods="6" coveredmethods="6"/>
      <file name="Course.tsx" path="C:\code\Senior-Fullstack-Excerice\frontend\src\pages\course\Course.tsx">
        <metrics statements="23" coveredstatements="22" conditionals="9" coveredconditionals="8" methods="6" coveredmethods="6"/>
        <line num="5" count="3" type="stmt"/>
        <line num="6" count="7" type="stmt"/>
        <line num="7" count="7" type="stmt"/>
        <line num="8" count="7" type="stmt"/>
        <line num="9" count="7" type="stmt"/>
        <line num="11" count="7" type="stmt"/>
        <line num="12" count="3" type="stmt"/>
        <line num="13" count="3" type="stmt"/>
        <line num="14" count="3" type="stmt"/>
        <line num="16" count="3" type="stmt"/>
        <line num="17" count="3" type="stmt"/>
        <line num="18" count="2" type="cond" truecount="1" falsecount="1"/>
        <line num="19" count="0" type="stmt"/>
        <line num="21" count="1" type="stmt"/>
        <line num="22" count="1" type="stmt"/>
        <line num="24" count="2" type="stmt"/>
        <line num="25" count="2" type="stmt"/>
        <line num="27" count="3" type="stmt"/>
        <line num="31" count="3" type="stmt"/>
        <line num="34" count="7" type="stmt"/>
        <line num="41" count="1" type="stmt"/>
        <line num="52" count="6" type="stmt"/>
        <line num="57" count="2" type="stmt"/>
      </file>
    </package>
    <package name="src.types">
      <metrics statements="0" coveredstatements="0" conditionals="0" coveredconditionals="0" methods="0" coveredmethods="0"/>
      <file name="index.d.ts" path="C:\code\Senior-Fullstack-Excerice\frontend\src\types\index.d.ts">
        <metrics statements="0" coveredstatements="0" conditionals="0" coveredconditionals="0" methods="0" coveredmethods="0"/>
      </file>
    </package>
  </project>
</coverage>
