TN:
SF:src\App.tsx
FN:8,App
FN:14,(anonymous_1)
FN:24,(anonymous_2)
FNF:3
FNH:3
FNDA:1,App
FNDA:3,(anonymous_1)
FNDA:3,(anonymous_2)
DA:9,1
DA:15,3
DA:25,3
LF:3
LH:3
BRDA:15,0,0,2
BRDA:15,0,1,1
BRDA:25,1,0,0
BRDA:25,1,1,3
BRF:4
BRH:3
end_of_record
TN:
SF:src\main.tsx
FNF:0
FNH:0
DA:7,1
LF:1
LH:1
BRF:0
BRH:0
end_of_record
TN:
SF:src\setupTests.ts
FNF:0
FNH:0
LF:0
LH:0
BRF:0
BRH:0
end_of_record
TN:
SF:src\vite-env.d.ts
FNF:0
FNH:0
LF:0
LH:0
BRF:0
BRH:0
end_of_record
TN:
SF:src\components\CourseItem.tsx
FN:8,(anonymous_0)
FNF:1
FNH:1
FNDA:2,(anonymous_0)
DA:8,3
DA:9,2
LF:2
LH:2
BRF:0
BRH:0
end_of_record
TN:
SF:src\components\EnrollmentItem.tsx
FN:8,(anonymous_0)
FN:29,(anonymous_1)
FNF:2
FNH:2
FNDA:8,(anonymous_0)
FNDA:1,(anonymous_1)
DA:8,3
DA:9,8
DA:30,1
LF:3
LH:3
BRDA:8,0,0,0
BRDA:22,1,0,3
BRDA:22,1,1,5
BRF:3
BRH:2
end_of_record
TN:
SF:src\lib\utils.ts
FN:1,formatDateToCustomString
FN:6,(anonymous_1)
FN:13,(anonymous_2)
FNF:3
FNH:3
FNDA:2,formatDateToCustomString
FNDA:5,(anonymous_1)
FNDA:3,(anonymous_2)
DA:2,2
DA:3,2
DA:6,6
DA:7,5
DA:13,6
DA:15,3
DA:18,3
DA:19,3
DA:20,2
DA:22,1
LF:10
LH:10
BRDA:19,0,0,2
BRDA:19,0,1,1
BRF:2
BRH:2
end_of_record
TN:
SF:src\pages\Notfound.tsx
FN:1,(anonymous_0)
FNF:1
FNH:0
FNDA:0,(anonymous_0)
DA:1,2
DA:2,0
LF:2
LH:1
BRF:0
BRH:0
end_of_record
TN:
SF:src\pages\Enrollment\Enrollment.tsx
FN:5,(anonymous_0)
FN:10,(anonymous_1)
FN:11,(anonymous_2)
FNF:3
FNH:3
FNDA:8,(anonymous_0)
FNDA:3,(anonymous_1)
FNDA:3,(anonymous_2)
DA:5,3
DA:6,8
DA:7,8
DA:8,8
DA:10,8
DA:11,3
DA:12,3
DA:13,3
DA:15,3
DA:16,3
DA:17,1
DA:18,0
DA:20,1
DA:21,1
DA:23,1
DA:24,1
DA:26,2
DA:30,3
DA:33,8
LF:19
LH:18
BRDA:17,0,0,0
BRDA:17,0,1,1
BRDA:47,1,0,8
BRDA:47,1,1,1
BRF:4
BRH:3
end_of_record
TN:
SF:src\pages\Register\Register.tsx
FN:6,(anonymous_0)
FN:16,(anonymous_1)
FN:17,(anonymous_2)
FN:46,(anonymous_3)
FN:48,(anonymous_4)
FN:51,(anonymous_5)
FN:52,(anonymous_6)
FN:55,(anonymous_7)
FN:62,(anonymous_8)
FN:122,(anonymous_9)
FNF:10
FNH:6
FNDA:8,(anonymous_0)
FNDA:3,(anonymous_1)
FNDA:3,(anonymous_2)
FNDA:0,(anonymous_3)
FNDA:0,(anonymous_4)
FNDA:0,(anonymous_5)
FNDA:0,(anonymous_6)
FNDA:1,(anonymous_7)
FNDA:1,(anonymous_8)
FNDA:2,(anonymous_9)
DA:6,3
DA:7,8
DA:8,8
DA:10,8
DA:11,8
DA:12,8
DA:13,8
DA:16,8
DA:17,3
DA:18,3
DA:19,3
DA:20,3
DA:21,2
DA:22,0
DA:24,1
DA:25,1
DA:27,2
DA:28,2
DA:29,2
DA:31,3
DA:35,3
DA:39,8
DA:46,8
DA:47,0
DA:48,0
DA:51,8
DA:52,0
DA:55,8
DA:56,1
DA:57,1
DA:59,0
DA:62,8
DA:63,1
DA:64,1
DA:66,1
DA:67,1
DA:68,1
DA:69,1
DA:70,1
DA:71,1
DA:74,0
DA:75,0
DA:81,0
DA:82,0
DA:83,0
DA:84,0
DA:86,0
DA:87,0
DA:88,0
DA:91,0
DA:92,0
DA:93,0
DA:95,0
DA:99,8
DA:123,2
LF:55
LH:37
BRDA:21,0,0,0
BRDA:21,0,1,1
BRDA:43,1,0,8
BRDA:43,1,1,6
BRDA:56,2,0,1
BRDA:56,2,1,0
BRDA:56,3,0,1
BRDA:56,3,1,0
BRDA:56,3,2,0
BRDA:67,4,0,1
BRDA:67,4,1,0
BRDA:81,5,0,0
BRDA:81,5,1,0
BRDA:128,6,0,8
BRDA:128,6,1,5
BRDA:185,7,0,0
BRDA:185,7,1,8
BRDA:189,8,0,8
BRDA:189,8,1,4
BRF:19
BRH:11
end_of_record
TN:
SF:src\pages\course\Course.tsx
FN:5,(anonymous_0)
FN:11,(anonymous_1)
FN:12,(anonymous_2)
FN:41,(anonymous_3)
FN:51,(anonymous_4)
FN:56,(anonymous_5)
FNF:6
FNH:6
FNDA:7,(anonymous_0)
FNDA:3,(anonymous_1)
FNDA:3,(anonymous_2)
FNDA:1,(anonymous_3)
FNDA:6,(anonymous_4)
FNDA:2,(anonymous_5)
DA:5,3
DA:6,7
DA:7,7
DA:8,7
DA:9,7
DA:11,7
DA:12,3
DA:13,3
DA:14,3
DA:16,3
DA:17,3
DA:18,2
DA:19,0
DA:21,1
DA:22,1
DA:24,2
DA:25,2
DA:27,3
DA:31,3
DA:34,7
DA:41,1
DA:52,6
DA:57,2
LF:23
LH:22
BRDA:18,0,0,0
BRDA:18,0,1,1
BRDA:51,1,0,7
BRDA:51,1,1,3
BRDA:62,2,0,7
BRDA:62,2,1,6
BRDA:62,2,2,3
BRDA:68,3,0,7
BRDA:68,3,1,2
BRF:9
BRH:8
end_of_record
TN:
SF:src\types\index.d.ts
FNF:0
FNH:0
LF:0
LH:0
BRF:0
BRH:0
end_of_record
