{"C:\\code\\Senior-Fullstack-Excerice\\backend\\src\\models\\course.ts": {"path":"C:\\code\\Senior-Fullstack-Excerice\\backend\\src\\models\\course.ts","statementMap":{"0":{"start":{"line":2,"column":0},"end":{"line":2,"column":54}},"1":{"start":{"line":11,"column":29},"end":{"line":16,"column":2}},"2":{"start":{"line":19,"column":0},"end":{"line":19,"column":58}},"3":{"start":{"line":21,"column":0},"end":{"line":21,"column":63}}},"fnMap":{},"branchMap":{},"s":{"0":2,"1":2,"2":2,"3":2},"f":{},"b":{}}
,"C:\\code\\Senior-Fullstack-Excerice\\backend\\src\\models\\enrollment.ts": {"path":"C:\\code\\Senior-Fullstack-Excerice\\backend\\src\\models\\enrollment.ts","statementMap":{"0":{"start":{"line":1,"column":0},"end":{"line":1,"column":54}},"1":{"start":{"line":11,"column":33},"end":{"line":15,"column":2}},"2":{"start":{"line":17,"column":0},"end":{"line":17,"column":75}}},"fnMap":{},"branchMap":{},"s":{"0":1,"1":1,"2":1},"f":{},"b":{}}
,"C:\\code\\Senior-Fullstack-Excerice\\backend\\src\\models\\student.ts": {"path":"C:\\code\\Senior-Fullstack-Excerice\\backend\\src\\models\\student.ts","statementMap":{"0":{"start":{"line":1,"column":0},"end":{"line":1,"column":54}},"1":{"start":{"line":9,"column":30},"end":{"line":13,"column":2}},"2":{"start":{"line":15,"column":0},"end":{"line":15,"column":66}}},"fnMap":{},"branchMap":{},"s":{"0":2,"1":2,"2":2},"f":{},"b":{}}
,"C:\\code\\Senior-Fullstack-Excerice\\backend\\src\\services\\courseService.ts": {"path":"C:\\code\\Senior-Fullstack-Excerice\\backend\\src\\services\\courseService.ts","statementMap":{"0":{"start":{"line":1,"column":0},"end":{"line":1,"column":38}},"1":{"start":{"line":3,"column":23},"end":{"line":12,"column":null}},"2":{"start":{"line":3,"column":48},"end":{"line":12,"column":null}},"3":{"start":{"line":4,"column":25},"end":{"line":9,"column":8}},"4":{"start":{"line":11,"column":2},"end":{"line":11,"column":43}},"5":{"start":{"line":3,"column":13},"end":{"line":3,"column":23}}},"fnMap":{"0":{"name":"(anonymous_8)","decl":{"start":{"line":3,"column":23},"end":{"line":3,"column":30}},"loc":{"start":{"line":3,"column":48},"end":{"line":12,"column":null}}},"1":{"name":"(anonymous_9)","decl":{"start":{"line":3,"column":48},"end":{"line":3,"column":null}},"loc":{"start":{"line":3,"column":48},"end":{"line":12,"column":1}}}},"branchMap":{"0":{"loc":{"start":{"line":4,"column":25},"end":{"line":9,"column":8}},"type":"cond-expr","locations":[{"start":{"line":4,"column":33},"end":{"line":9,"column":4}},{"start":{"line":9,"column":6},"end":{"line":9,"column":8}}]}},"s":{"0":1,"1":1,"2":2,"3":2,"4":2,"5":1},"f":{"0":2,"1":2},"b":{"0":[1,1]}}
,"C:\\code\\Senior-Fullstack-Excerice\\backend\\src\\services\\enrollmentService.ts": {"path":"C:\\code\\Senior-Fullstack-Excerice\\backend\\src\\services\\enrollmentService.ts","statementMap":{"0":{"start":{"line":1,"column":0},"end":{"line":1,"column":81}},"1":{"start":{"line":3,"column":23},"end":{"line":7,"column":2}},"2":{"start":{"line":3,"column":34},"end":{"line":7,"column":2}},"3":{"start":{"line":4,"column":2},"end":{"line":6,"column":25}},"4":{"start":{"line":3,"column":13},"end":{"line":3,"column":23}},"5":{"start":{"line":9,"column":22},"end":{"line":12,"column":2}},"6":{"start":{"line":9,"column":87},"end":{"line":12,"column":2}},"7":{"start":{"line":10,"column":21},"end":{"line":10,"column":51}},"8":{"start":{"line":11,"column":2},"end":{"line":11,"column":33}},"9":{"start":{"line":9,"column":13},"end":{"line":9,"column":22}}},"fnMap":{"0":{"name":"(anonymous_8)","decl":{"start":{"line":3,"column":23},"end":{"line":3,"column":32}},"loc":{"start":{"line":3,"column":34},"end":{"line":7,"column":2}}},"1":{"name":"(anonymous_9)","decl":{"start":{"line":3,"column":34},"end":{"line":3,"column":null}},"loc":{"start":{"line":3,"column":34},"end":{"line":7,"column":1}}},"2":{"name":"(anonymous_10)","decl":{"start":{"line":9,"column":22},"end":{"line":9,"column":29}},"loc":{"start":{"line":9,"column":87},"end":{"line":12,"column":2}}},"3":{"name":"(anonymous_11)","decl":{"start":{"line":9,"column":87},"end":{"line":9,"column":null}},"loc":{"start":{"line":9,"column":87},"end":{"line":12,"column":1}}}},"branchMap":{},"s":{"0":1,"1":1,"2":1,"3":1,"4":1,"5":1,"6":1,"7":1,"8":1,"9":1},"f":{"0":1,"1":1,"2":1,"3":1},"b":{}}
,"C:\\code\\Senior-Fullstack-Excerice\\backend\\src\\services\\studentService.ts": {"path":"C:\\code\\Senior-Fullstack-Excerice\\backend\\src\\services\\studentService.ts","statementMap":{"0":{"start":{"line":1,"column":0},"end":{"line":1,"column":40}},"1":{"start":{"line":4,"column":22},"end":{"line":18,"column":2}},"2":{"start":{"line":4,"column":112},"end":{"line":18,"column":2}},"3":{"start":{"line":5,"column":2},"end":{"line":17,"column":3}},"4":{"start":{"line":6,"column":23},"end":{"line":10,"column":6}},"5":{"start":{"line":12,"column":4},"end":{"line":12,"column":28}},"6":{"start":{"line":14,"column":4},"end":{"line":14,"column":22}},"7":{"start":{"line":16,"column":4},"end":{"line":16,"column":46}},"8":{"start":{"line":4,"column":13},"end":{"line":4,"column":22}}},"fnMap":{"0":{"name":"(anonymous_8)","decl":{"start":{"line":4,"column":22},"end":{"line":4,"column":29}},"loc":{"start":{"line":4,"column":112},"end":{"line":18,"column":2}}},"1":{"name":"(anonymous_9)","decl":{"start":{"line":4,"column":112},"end":{"line":4,"column":null}},"loc":{"start":{"line":4,"column":112},"end":{"line":18,"column":1}}}},"branchMap":{},"s":{"0":1,"1":1,"2":2,"3":2,"4":2,"5":2,"6":1,"7":1,"8":1},"f":{"0":2,"1":2},"b":{}}
}
