TN:
SF:src\models\course.ts
FNF:0
FNH:0
DA:2,2
DA:11,2
DA:19,2
DA:21,2
LF:4
LH:4
BRF:0
BRH:0
end_of_record
TN:
SF:src\models\enrollment.ts
FNF:0
FNH:0
DA:1,1
DA:11,1
DA:17,1
LF:3
LH:3
BRF:0
BRH:0
end_of_record
TN:
SF:src\models\student.ts
FNF:0
FNH:0
DA:1,2
DA:9,2
DA:15,2
LF:3
LH:3
BRF:0
BRH:0
end_of_record
TN:
SF:src\services\courseService.ts
FN:3,(anonymous_8)
FN:3,(anonymous_9)
FNF:2
FNH:2
FNDA:2,(anonymous_8)
FNDA:2,(anonymous_9)
DA:1,1
DA:3,2
DA:4,2
DA:11,2
LF:4
LH:4
BRDA:4,0,0,1
BRDA:4,0,1,1
BRF:2
BRH:2
end_of_record
TN:
SF:src\services\enrollmentService.ts
FN:3,(anonymous_8)
FN:3,(anonymous_9)
FN:9,(anonymous_10)
FN:9,(anonymous_11)
FNF:4
FNH:4
FNDA:1,(anonymous_8)
FNDA:1,(anonymous_9)
FNDA:1,(anonymous_10)
FNDA:1,(anonymous_11)
DA:1,1
DA:3,1
DA:4,1
DA:9,1
DA:10,1
DA:11,1
LF:6
LH:6
BRF:0
BRH:0
end_of_record
TN:
SF:src\services\studentService.ts
FN:4,(anonymous_8)
FN:4,(anonymous_9)
FNF:2
FNH:2
FNDA:2,(anonymous_8)
FNDA:2,(anonymous_9)
DA:1,1
DA:4,2
DA:5,2
DA:6,2
DA:12,2
DA:14,1
DA:16,1
LF:7
LH:7
BRF:0
BRH:0
end_of_record
